SSHLauncher{host='slave01', port=22, credentialsId='jenkins', jvmOptions='', javaPath='', prefixStartSlaveCmd='', suffixStartSlaveCmd='', launchTimeoutSeconds=60, maxNumRetries=10, retryWaitTime=15, sshHostKeyVerificationStrategy=hudson.plugins.sshslaves.verifiers.KnownHostsFileKeyVerificationStrategy, tcpNoDelay=true, trackCredentials=true}
[03/09/25 10:16:42] [SSH] Opening SSH connection to slave01:22.
/var/jenkins_home/.ssh/known_hosts [SSH] No Known Hosts file was found at /var/jenkins_home/.ssh/known_hosts. Please ensure one is created at this path and that Jenkins can read it.
Key exchange was not finished, connection is closed.
SSH Connection failed with IOException: "Key exchange was not finished, connection is closed.", retrying in 15 seconds. There are 10 more retries left.
/var/jenkins_home/.ssh/known_hosts [SSH] No Known Hosts file was found at /var/jenkins_home/.ssh/known_hosts. Please ensure one is created at this path and that Jenkins can read it.
Key exchange was not finished, connection is closed.
SSH Connection failed with IOException: "Key exchange was not finished, connection is closed.", retrying in 15 seconds. There are 9 more retries left.
/var/jenkins_home/.ssh/known_hosts [SSH] No Known Hosts file was found at /var/jenkins_home/.ssh/known_hosts. Please ensure one is created at this path and that Jenkins can read it.
Key exchange was not finished, connection is closed.
SSH Connection failed with IOException: "Key exchange was not finished, connection is closed.", retrying in 15 seconds. There are 8 more retries left.
/var/jenkins_home/.ssh/known_hosts [SSH] No Known Hosts file was found at /var/jenkins_home/.ssh/known_hosts. Please ensure one is created at this path and that Jenkins can read it.
Key exchange was not finished, connection is closed.
SSH Connection failed with IOException: "Key exchange was not finished, connection is closed.", retrying in 15 seconds. There are 7 more retries left.
/var/jenkins_home/.ssh/known_hosts [SSH] No Known Hosts file was found at /var/jenkins_home/.ssh/known_hosts. Please ensure one is created at this path and that Jenkins can read it.
Key exchange was not finished, connection is closed.
SSH Connection failed with IOException: "Key exchange was not finished, connection is closed.", retrying in 15 seconds. There are 6 more retries left.
/var/jenkins_home/.ssh/known_hosts [SSH] No Known Hosts file was found at /var/jenkins_home/.ssh/known_hosts. Please ensure one is created at this path and that Jenkins can read it.
Key exchange was not finished, connection is closed.
SSH Connection failed with IOException: "Key exchange was not finished, connection is closed.", retrying in 15 seconds. There are 5 more retries left.
/var/jenkins_home/.ssh/known_hosts [SSH] No Known Hosts file was found at /var/jenkins_home/.ssh/known_hosts. Please ensure one is created at this path and that Jenkins can read it.
Key exchange was not finished, connection is closed.
SSH Connection failed with IOException: "Key exchange was not finished, connection is closed.", retrying in 15 seconds. There are 4 more retries left.
/var/jenkins_home/.ssh/known_hosts [SSH] No Known Hosts file was found at /var/jenkins_home/.ssh/known_hosts. Please ensure one is created at this path and that Jenkins can read it.
Key exchange was not finished, connection is closed.
SSH Connection failed with IOException: "Key exchange was not finished, connection is closed.", retrying in 15 seconds. There are 3 more retries left.
/var/jenkins_home/.ssh/known_hosts [SSH] No Known Hosts file was found at /var/jenkins_home/.ssh/known_hosts. Please ensure one is created at this path and that Jenkins can read it.
Key exchange was not finished, connection is closed.
SSH Connection failed with IOException: "Key exchange was not finished, connection is closed.", retrying in 15 seconds. There are 2 more retries left.
/var/jenkins_home/.ssh/known_hosts [SSH] No Known Hosts file was found at /var/jenkins_home/.ssh/known_hosts. Please ensure one is created at this path and that Jenkins can read it.
Key exchange was not finished, connection is closed.
SSH Connection failed with IOException: "Key exchange was not finished, connection is closed.", retrying in 15 seconds. There are 1 more retries left.
/var/jenkins_home/.ssh/known_hosts [SSH] No Known Hosts file was found at /var/jenkins_home/.ssh/known_hosts. Please ensure one is created at this path and that Jenkins can read it.
Key exchange was not finished, connection is closed.
ERROR: Connection is not established!
java.lang.IllegalStateException: Connection is not established!
	at PluginClassLoader for trilead-api//com.trilead.ssh2.Connection.getRemainingAuthMethods(Connection.java:989)
	at PluginClassLoader for ssh-credentials//com.cloudbees.jenkins.plugins.sshcredentials.impl.TrileadSSHPublicKeyAuthenticator.getRemainingAuthMethods(TrileadSSHPublicKeyAuthenticator.java:89)
	at PluginClassLoader for ssh-credentials//com.cloudbees.jenkins.plugins.sshcredentials.impl.TrileadSSHPublicKeyAuthenticator.canAuthenticate(TrileadSSHPublicKeyAuthenticator.java:81)
	at java.base/java.util.stream.ReferencePipeline$2$1.accept(Unknown Source)
	at java.base/java.util.stream.ReferencePipeline$2$1.accept(Unknown Source)
	at java.base/java.util.stream.ReferencePipeline$3$1.accept(Unknown Source)
	at java.base/java.util.Spliterators$IteratorSpliterator.tryAdvance(Unknown Source)
	at java.base/java.util.stream.ReferencePipeline.forEachWithCancel(Unknown Source)
	at java.base/java.util.stream.AbstractPipeline.copyIntoWithCancel(Unknown Source)
	at java.base/java.util.stream.AbstractPipeline.copyInto(Unknown Source)
	at java.base/java.util.stream.AbstractPipeline.wrapAndCopyInto(Unknown Source)
	at java.base/java.util.stream.FindOps$FindOp.evaluateSequential(Unknown Source)
	at java.base/java.util.stream.AbstractPipeline.evaluate(Unknown Source)
	at java.base/java.util.stream.ReferencePipeline.findFirst(Unknown Source)
	at PluginClassLoader for ssh-credentials//com.cloudbees.jenkins.plugins.sshcredentials.SSHAuthenticator.newInstance(SSHAuthenticator.java:222)
	at PluginClassLoader for ssh-credentials//com.cloudbees.jenkins.plugins.sshcredentials.SSHAuthenticator.newInstance(SSHAuthenticator.java:173)
	at PluginClassLoader for ssh-slaves//hudson.plugins.sshslaves.SSHLauncher.openConnection(SSHLauncher.java:882)
	at PluginClassLoader for ssh-slaves//hudson.plugins.sshslaves.SSHLauncher.lambda$launch$0(SSHLauncher.java:441)
	at java.base/java.util.concurrent.FutureTask.run(Unknown Source)
	at java.base/java.util.concurrent.ThreadPoolExecutor.runWorker(Unknown Source)
	at java.base/java.util.concurrent.ThreadPoolExecutor$Worker.run(Unknown Source)
	at java.base/java.lang.Thread.run(Unknown Source)
[03/09/25 10:19:29] Launch failed - cleaning up connection
[03/09/25 10:19:29] [SSH] Connection closed.
